03/15/2023 01:42:37 PM: INFO: *** Verify Login Test ***
03/15/2023 01:42:41 PM: INFO: *** Title is passed ***
03/15/2023 01:42:55 PM: INFO: *** Verify Login Test 2 ***
03/15/2023 02:08:58 PM: INFO: *** Verify Login Test ***
03/15/2023 02:08:58 PM: INFO: *** Verify Login Test 2 ***
03/15/2023 02:10:05 PM: INFO: *** Verify Login Test ***
03/15/2023 02:10:05 PM: INFO: *** Verify Login Test 2 ***
03/15/2023 02:11:44 PM: INFO: *** Verify Login Test ***
03/15/2023 02:11:55 PM: INFO: *** Title is passed ***
03/15/2023 02:11:57 PM: INFO: *** Verify Login Test 2 ***
03/15/2023 02:17:27 PM: INFO: *** Verify Login Test ***
03/15/2023 02:17:33 PM: INFO: *** Title is passed ***
03/15/2023 02:17:35 PM: INFO: *** Verify Login Test 2 ***
03/15/2023 02:18:26 PM: INFO: *** Verify Login Test ***
03/15/2023 02:18:32 PM: INFO: *** Title is passed ***
03/15/2023 02:18:34 PM: INFO: *** Verify Login Test 2 ***
03/15/2023 02:20:47 PM: INFO: *** Verify Login Test ***
03/15/2023 02:20:54 PM: INFO: *** Title is passed ***
03/15/2023 02:20:59 PM: INFO: *** Verify Login Test 2 ***
03/15/2023 02:26:14 PM: INFO: *** Verify Login Test ***
03/15/2023 02:26:19 PM: INFO: *** Title is passed ***
03/15/2023 02:26:20 PM: INFO: *** Verify Login Test 2 ***
03/15/2023 02:27:13 PM: INFO: *** Verify Login Test 2 ***
03/15/2023 02:27:13 PM: INFO: *** Verify Login Test ***
03/15/2023 02:27:17 PM: INFO: *** Title is passed ***
03/15/2023 02:29:34 PM: INFO: *** Verify Login Test ***
03/15/2023 02:29:35 PM: INFO: *** Verify Login Test 2 ***
03/15/2023 02:29:42 PM: INFO: *** Title is passed ***
03/15/2023 02:30:44 PM: INFO: *** Verify Login Test 2 ***
03/15/2023 02:30:44 PM: INFO: *** Verify Login Test ***
03/15/2023 02:30:48 PM: INFO: *** Title is passed ***
03/15/2023 02:31:35 PM: INFO: *** Verify Login Test 2 ***
03/15/2023 02:31:36 PM: INFO: *** Verify Login Test ***
03/15/2023 02:31:39 PM: INFO: *** Title is passed ***
03/15/2023 02:37:17 PM: INFO: *** Verify Login Test 2 ***
03/15/2023 02:37:23 PM: INFO: *** Title is passed ***
03/15/2023 02:38:17 PM: INFO: *** Verify Login Test 2 ***
03/15/2023 02:38:17 PM: INFO: *** Verify Login Test ***
03/15/2023 02:38:23 PM: INFO: *** Title is passed ***
03/17/2023 11:34:58 AM: INFO: *** Verify Login Test ***
03/17/2023 11:35:02 AM: INFO: *** Title is passed ***
03/17/2023 11:35:06 AM: INFO: *** Verify Login Test 2 ***
03/17/2023 11:36:12 AM: INFO: *** Verify Login Test ***
03/17/2023 11:36:17 AM: INFO: *** Title is passed ***
03/17/2023 11:36:19 AM: INFO: *** Verify Login Test 2 ***
03/17/2023 11:37:09 AM: INFO: *** Verify Login DDT Test ***
03/17/2023 11:37:39 AM: INFO: DDT TEST CASE Passed
03/23/2023 01:45:53 PM: INFO: *** login to webpage ***
03/23/2023 01:46:07 PM: INFO: ** Successfully Login ***
03/23/2023 01:46:13 PM: INFO: ** providing customer info **
03/23/2023 02:06:15 PM: INFO: *** login to webpage ***
03/23/2023 02:06:31 PM: INFO: ** Successfully Login ***
03/23/2023 02:06:37 PM: INFO: ** providing customer info **
03/23/2023 02:17:08 PM: INFO: *** login to webpage ***
03/23/2023 02:17:20 PM: INFO: ** Successfully Login ***
03/23/2023 02:17:24 PM: INFO: ** providing customer info **
03/23/2023 02:21:20 PM: INFO: *** login to webpage ***
03/23/2023 02:21:30 PM: INFO: ** Successfully Login ***
03/23/2023 02:21:35 PM: INFO: ** providing customer info **
03/23/2023 02:22:27 PM: INFO: *** login to webpage ***
03/23/2023 02:22:35 PM: INFO: ** Successfully Login ***
03/23/2023 02:22:39 PM: INFO: ** providing customer info **
03/23/2023 02:22:53 PM: INFO: *** login to webpage ***
03/23/2023 02:23:01 PM: INFO: ** Successfully Login ***
03/23/2023 02:23:04 PM: INFO: ** providing customer info **
03/23/2023 02:23:42 PM: INFO: *** login to webpage ***
03/23/2023 02:23:50 PM: INFO: ** Successfully Login ***
03/23/2023 02:23:54 PM: INFO: ** providing customer info **
03/23/2023 02:28:30 PM: INFO: *** login to webpage ***
03/23/2023 02:28:43 PM: INFO: ** Successfully Login ***
03/23/2023 02:28:47 PM: INFO: ** providing customer info **
03/23/2023 02:31:07 PM: INFO: *** login to webpage ***
03/23/2023 02:31:19 PM: INFO: ** Successfully Login ***
03/23/2023 02:31:23 PM: INFO: ** providing customer info **
03/23/2023 02:33:34 PM: INFO: *** login to webpage ***
03/23/2023 02:33:44 PM: INFO: ** Successfully Login ***
03/23/2023 02:33:48 PM: INFO: ** providing customer info **
03/23/2023 02:35:23 PM: INFO: *** login to webpage ***
03/23/2023 02:35:33 PM: INFO: ** Successfully Login ***
03/23/2023 02:35:37 PM: INFO: ** providing customer info **
03/23/2023 02:52:44 PM: INFO: *** login to webpage ***
03/23/2023 02:52:56 PM: INFO: ** Successfully Login ***
03/23/2023 02:53:00 PM: INFO: ** providing customer info **
03/23/2023 02:57:54 PM: INFO: *** login to webpage ***
03/23/2023 02:58:03 PM: INFO: ** Successfully Login ***
03/23/2023 02:58:08 PM: INFO: ** providing customer info **
03/23/2023 02:59:00 PM: INFO: *** login to webpage ***
03/23/2023 02:59:11 PM: INFO: ** Successfully Login ***
03/23/2023 02:59:14 PM: INFO: ** providing customer info **
03/23/2023 03:02:21 PM: INFO: *** login to webpage ***
03/23/2023 03:02:33 PM: INFO: ** Successfully Login ***
03/23/2023 03:02:36 PM: INFO: ** providing customer info **
03/23/2023 03:06:44 PM: INFO: *** login to webpage ***
03/23/2023 03:06:56 PM: INFO: ** Successfully Login ***
03/23/2023 03:07:00 PM: INFO: ** providing customer info **
03/23/2023 03:07:46 PM: INFO: *** login to webpage ***
03/23/2023 03:07:55 PM: INFO: ** Successfully Login ***
03/23/2023 03:07:59 PM: INFO: ** providing customer info **
03/23/2023 03:09:58 PM: INFO: *** login to webpage ***
03/23/2023 03:10:11 PM: INFO: ** Successfully Login ***
03/23/2023 03:10:15 PM: INFO: ** providing customer info **
03/23/2023 03:16:25 PM: INFO: *** login to webpage ***
03/23/2023 03:16:37 PM: INFO: ** Successfully Login ***
03/23/2023 03:16:45 PM: INFO: ** providing customer info **
03/23/2023 03:21:01 PM: INFO: *** login to webpage ***
03/23/2023 03:21:16 PM: INFO: ** Successfully Login ***
03/23/2023 03:21:22 PM: INFO: ** providing customer info **
03/23/2023 03:21:27 PM: INFO: *** saving customer info ***
03/23/2023 03:21:28 PM: ERROR: Add Customer Test Failed
03/23/2023 03:26:48 PM: INFO: *** login to webpage ***
03/23/2023 03:26:58 PM: INFO: ** Successfully Login ***
03/23/2023 03:27:03 PM: INFO: ** providing customer info **
03/23/2023 03:27:08 PM: INFO: *** saving customer info ***
03/23/2023 03:27:09 PM: ERROR: Add Customer Test Failed
03/23/2023 03:28:20 PM: INFO: *** login to webpage ***
03/23/2023 03:28:30 PM: INFO: ** Successfully Login ***
03/23/2023 03:28:37 PM: INFO: ** providing customer info **
03/23/2023 03:28:42 PM: INFO: *** saving customer info ***
03/23/2023 03:28:43 PM: INFO: Add Customer Test Passed
03/23/2023 03:30:31 PM: INFO: *** login to webpage ***
03/23/2023 03:30:39 PM: INFO: ** Successfully Login ***
03/23/2023 03:30:45 PM: INFO: ** providing customer info **
03/23/2023 03:30:51 PM: INFO: *** saving customer info ***
03/23/2023 03:30:51 PM: INFO: Add Customer Test Passed
03/23/2023 03:55:37 PM: INFO: *** login to webpage ***
03/23/2023 03:55:50 PM: INFO: ** Successfully Login ***
03/23/2023 03:55:56 PM: INFO: ** providing customer info **
03/23/2023 03:56:01 PM: INFO: *** saving customer info ***
03/23/2023 03:56:02 PM: INFO: Add Customer Test Passed
03/23/2023 03:57:03 PM: INFO: *** login to webpage ***
03/23/2023 03:57:12 PM: INFO: ** Successfully Login ***
03/23/2023 03:57:17 PM: INFO: ** providing customer info **
03/23/2023 03:57:22 PM: INFO: *** saving customer info ***
03/23/2023 03:57:22 PM: INFO: Add Customer Test Passed
03/23/2023 05:01:41 PM: INFO: *** login to webpage ***
03/23/2023 05:01:50 PM: INFO: ** Successfully Login ***
03/23/2023 05:04:10 PM: INFO: *** login to webpage ***
03/23/2023 05:04:21 PM: INFO: ** Successfully Login ***
03/23/2023 05:06:42 PM: INFO: *** login to webpage ***
03/23/2023 05:06:55 PM: INFO: ** Successfully Login ***
03/23/2023 05:07:42 PM: INFO: *** login to webpage ***
03/23/2023 05:07:52 PM: INFO: ** Successfully Login ***
03/23/2023 05:13:58 PM: INFO: *** login to webpage ***
03/23/2023 05:14:07 PM: INFO: ** Successfully Login ***
03/23/2023 05:16:15 PM: INFO: *** login to webpage ***
03/23/2023 05:16:26 PM: INFO: ** Successfully Login ***
03/23/2023 05:16:56 PM: INFO: *** login to webpage ***
03/23/2023 05:17:05 PM: INFO: ** Successfully Login ***
03/23/2023 05:17:38 PM: INFO: *** login to webpage ***
03/23/2023 05:17:51 PM: INFO: ** Successfully Login ***
03/23/2023 05:23:40 PM: INFO: *** login to webpage ***
03/23/2023 05:23:49 PM: INFO: ** Successfully Login ***
03/24/2023 02:53:17 PM: INFO: *** login to webpage ***
03/24/2023 02:53:31 PM: INFO: ** Successfully Login ***
03/24/2023 02:53:36 PM: INFO: *** Verify Login Test 2 ***
03/24/2023 02:58:12 PM: INFO: *** login to webpage ***
03/24/2023 02:58:22 PM: INFO: ** Successfully Login ***
03/24/2023 02:58:27 PM: INFO: ** providing customer info **
03/24/2023 02:58:31 PM: INFO: *** saving customer info ***
03/24/2023 02:58:31 PM: INFO: Add Customer Test Passed
03/24/2023 02:58:34 PM: INFO: *** Verify Login Test 2 ***
